[INFO ] 2018-03-01 10:48:14.801 [JavaFX Application Thread] PlayGame - setting Player 1's cards to face up.
[INFO ] 2018-03-01 10:48:14.811 [JavaFX Application Thread] PlayGame - Player 1's number of cards: 5
[INFO ] 2018-03-01 10:48:14.811 [JavaFX Application Thread] PlayGame - Player 1's rank: squire
[INFO ] 2018-03-01 10:48:14.811 [JavaFX Application Thread] PlayGame - Player 1's shields: 1
[INFO ] 2018-03-01 10:48:14.812 [JavaFX Application Thread] PlayGame - Player 1's hand: [saxon_knight, boar, saxon_knight, saxon_knight, saxons]
[INFO ] 2018-03-01 10:48:14.812 [JavaFX Application Thread] PlayGame - Player 2's number of cards: 8
[INFO ] 2018-03-01 10:48:14.812 [JavaFX Application Thread] PlayGame - Player 2's rank: knight
[INFO ] 2018-03-01 10:48:14.812 [JavaFX Application Thread] PlayGame - Player 2's shields: 4
[INFO ] 2018-03-01 10:48:14.813 [JavaFX Application Thread] PlayGame - Player 2's hand: [black_knight, evil_knight, dagger, test_of_morgan_le_fey, robber_Knight, thieves, evil_knight, saxon_knight]
[INFO ] 2018-03-01 10:49:06.918 [main] PlayGame - Game Menu starting!
[INFO ] 2018-03-01 10:49:08.585 [JavaFX Application Thread] PlayGame - Player 1's turn.
[INFO ] 2018-03-01 10:49:10.399 [JavaFX Application Thread] PlayGame - setting Player 1's cards to face up.
[INFO ] 2018-03-01 10:49:10.400 [JavaFX Application Thread] PlayGame - Player 1's number of cards: 12
[INFO ] 2018-03-01 10:49:10.400 [JavaFX Application Thread] PlayGame - Player 1's rank: squire
[INFO ] 2018-03-01 10:49:10.400 [JavaFX Application Thread] PlayGame - Player 1's shields: 1
[INFO ] 2018-03-01 10:49:10.400 [JavaFX Application Thread] PlayGame - Player 1's hand: [sword, thieves, evil_knight, battle-ax, mordred, thieves, dragon, thieves, horse, horse, sir_galahad, merlin]
[INFO ] 2018-03-01 10:49:10.400 [JavaFX Application Thread] PlayGame - Player 2's number of cards: 12
[INFO ] 2018-03-01 10:49:10.400 [JavaFX Application Thread] PlayGame - Player 2's rank: knight
[INFO ] 2018-03-01 10:49:10.400 [JavaFX Application Thread] PlayGame - Player 2's shields: 2
[INFO ] 2018-03-01 10:49:10.401 [JavaFX Application Thread] PlayGame - Player 2's hand: [evil_knight, robber_Knight, test_of_morgan_le_fey, lance, battle-ax, saxons, saxons, battle-ax, queen_iseult, dagger, queen_guinevere, giant]
[INFO ] 2018-03-01 10:49:57.008 [JavaFX Application Thread] PlayGame - Player 1's turn.
[INFO ] 2018-03-01 10:49:58.650 [JavaFX Application Thread] PlayGame - setting Player 1's cards to face up.
[INFO ] 2018-03-01 10:49:58.651 [JavaFX Application Thread] PlayGame - Player 1's number of cards: 12
[INFO ] 2018-03-01 10:49:58.651 [JavaFX Application Thread] PlayGame - Player 1's rank: knight
[INFO ] 2018-03-01 10:49:58.651 [JavaFX Application Thread] PlayGame - Player 1's shields: 0
[INFO ] 2018-03-01 10:49:58.651 [JavaFX Application Thread] PlayGame - Player 1's hand: [sword, thieves, evil_knight, battle-ax, mordred, thieves, dragon, horse, horse, sir_galahad, merlin, lance]
[INFO ] 2018-03-01 10:49:58.651 [JavaFX Application Thread] PlayGame - Player 2's number of cards: 12
[INFO ] 2018-03-01 10:49:58.651 [JavaFX Application Thread] PlayGame - Player 2's rank: knight
[INFO ] 2018-03-01 10:49:58.651 [JavaFX Application Thread] PlayGame - Player 2's shields: 2
[INFO ] 2018-03-01 10:49:58.652 [JavaFX Application Thread] PlayGame - Player 2's hand: [evil_knight, robber_Knight, test_of_morgan_le_fey, lance, battle-ax, saxons, saxons, battle-ax, queen_iseult, queen_guinevere, giant, boar]
